[23-Aug-2017 20:35:52 Asia/Tokyo] PHP Fatal error:  Call to undefined method Illuminate\Routing\Route::update() in /home/ubuntu/workspace/message-board/app/Http/routes.php on line 19
[23-Aug-2017 20:35:52 Asia/Tokyo] PHP Stack trace:
[23-Aug-2017 20:35:52 Asia/Tokyo] PHP   1. {main}() /home/ubuntu/workspace/message-board/server.php:0
[23-Aug-2017 20:35:52 Asia/Tokyo] PHP   2. require_once() /home/ubuntu/workspace/message-board/server.php:21
[23-Aug-2017 20:35:52 Asia/Tokyo] PHP   3. Illuminate\Foundation\Http\Kernel->handle() /home/ubuntu/workspace/message-board/public/index.php:54
[23-Aug-2017 20:35:52 Asia/Tokyo] PHP   4. Illuminate\Foundation\Http\Kernel->sendRequestThroughRouter() /home/ubuntu/workspace/message-board/vendor/laravel/framework/src/Illuminate/Foundation/Http/Kernel.php:87
[23-Aug-2017 20:35:52 Asia/Tokyo] PHP   5. Illuminate\Foundation\Http\Kernel->bootstrap() /home/ubuntu/workspace/message-board/vendor/laravel/framework/src/Illuminate/Foundation/Http/Kernel.php:117
[23-Aug-2017 20:35:52 Asia/Tokyo] PHP   6. Illuminate\Foundation\Application->bootstrapWith() /home/ubuntu/workspace/message-board/vendor/laravel/framework/src/Illuminate/Foundation/Http/Kernel.php:222
[23-Aug-2017 20:35:52 Asia/Tokyo] PHP   7. Illuminate\Foundation\Bootstrap\BootProviders->bootstrap() /home/ubuntu/workspace/message-board/vendor/laravel/framework/src/Illuminate/Foundation/Application.php:203
[23-Aug-2017 20:35:52 Asia/Tokyo] PHP   8. Illuminate\Foundation\Application->boot() /home/ubuntu/workspace/message-board/vendor/laravel/framework/src/Illuminate/Foundation/Bootstrap/BootProviders.php:17
[23-Aug-2017 20:35:52 Asia/Tokyo] PHP   9. array_walk() /home/ubuntu/workspace/message-board/vendor/laravel/framework/src/Illuminate/Foundation/Application.php:718
[23-Aug-2017 20:35:52 Asia/Tokyo] PHP  10. Illuminate\Foundation\Application->Illuminate\Foundation\{closure}() /home/ubuntu/workspace/message-board/vendor/laravel/framework/src/Illuminate/Foundation/Application.php:718
[23-Aug-2017 20:35:52 Asia/Tokyo] PHP  11. Illuminate\Foundation\Application->bootProvider() /home/ubuntu/workspace/message-board/vendor/laravel/framework/src/Illuminate/Foundation/Application.php:717
[23-Aug-2017 20:35:52 Asia/Tokyo] PHP  12. Illuminate\Container\Container->call() /home/ubuntu/workspace/message-board/vendor/laravel/framework/src/Illuminate/Foundation/Application.php:734
[23-Aug-2017 20:35:52 Asia/Tokyo] PHP  13. call_user_func_array:{/home/ubuntu/workspace/message-board/vendor/laravel/framework/src/Illuminate/Container/Container.php:507}() /home/ubuntu/workspace/message-board/vendor/laravel/framework/src/Illuminate/Container/Container.php:507
[23-Aug-2017 20:35:52 Asia/Tokyo] PHP  14. App\Providers\RouteServiceProvider->boot() /home/ubuntu/workspace/message-board/vendor/laravel/framework/src/Illuminate/Container/Container.php:507
[23-Aug-2017 20:35:52 Asia/Tokyo] PHP  15. Illuminate\Foundation\Support\Providers\RouteServiceProvider->boot() /home/ubuntu/workspace/message-board/app/Providers/RouteServiceProvider.php:29
[23-Aug-2017 20:35:52 Asia/Tokyo] PHP  16. Illuminate\Foundation\Support\Providers\RouteServiceProvider->loadRoutes() /home/ubuntu/workspace/message-board/vendor/laravel/framework/src/Illuminate/Foundation/Support/Providers/RouteServiceProvider.php:31
[23-Aug-2017 20:35:52 Asia/Tokyo] PHP  17. Illuminate\Container\Container->call() /home/ubuntu/workspace/message-board/vendor/laravel/framework/src/Illuminate/Foundation/Support/Providers/RouteServiceProvider.php:72
[23-Aug-2017 20:35:52 Asia/Tokyo] PHP  18. call_user_func_array:{/home/ubuntu/workspace/message-board/vendor/laravel/framework/src/Illuminate/Container/Container.php:507}() /home/ubuntu/workspace/message-board/vendor/laravel/framework/src/Illuminate/Container/Container.php:507
[23-Aug-2017 20:35:52 Asia/Tokyo] PHP  19. App\Providers\RouteServiceProvider->map() /home/ubuntu/workspace/message-board/vendor/laravel/framework/src/Illuminate/Container/Container.php:507
[23-Aug-2017 20:35:52 Asia/Tokyo] PHP  20. Illuminate\Routing\Router->group() /home/ubuntu/workspace/message-board/app/Providers/RouteServiceProvider.php:42
[23-Aug-2017 20:35:52 Asia/Tokyo] PHP  21. call_user_func:{/home/ubuntu/workspace/message-board/vendor/laravel/framework/src/Illuminate/Routing/Router.php:354}() /home/ubuntu/workspace/message-board/vendor/laravel/framework/src/Illuminate/Routing/Router.php:354
[23-Aug-2017 20:35:52 Asia/Tokyo] PHP  22. App\Providers\RouteServiceProvider->App\Providers\{closure}() /home/ubuntu/workspace/message-board/vendor/laravel/framework/src/Illuminate/Routing/Router.php:354
[23-Aug-2017 20:35:52 Asia/Tokyo] PHP  23. require() /home/ubuntu/workspace/message-board/app/Providers/RouteServiceProvider.php:41
[23-Aug-2017 20:36:01 Asia/Tokyo] PHP Fatal error:  Call to undefined method Illuminate\Routing\Route::update() in /home/ubuntu/workspace/message-board/app/Http/routes.php on line 19
[23-Aug-2017 20:36:01 Asia/Tokyo] PHP Stack trace:
[23-Aug-2017 20:36:01 Asia/Tokyo] PHP   1. {main}() /home/ubuntu/workspace/message-board/server.php:0
[23-Aug-2017 20:36:01 Asia/Tokyo] PHP   2. require_once() /home/ubuntu/workspace/message-board/server.php:21
[23-Aug-2017 20:36:01 Asia/Tokyo] PHP   3. Illuminate\Foundation\Http\Kernel->handle() /home/ubuntu/workspace/message-board/public/index.php:54
[23-Aug-2017 20:36:01 Asia/Tokyo] PHP   4. Illuminate\Foundation\Http\Kernel->sendRequestThroughRouter() /home/ubuntu/workspace/message-board/vendor/laravel/framework/src/Illuminate/Foundation/Http/Kernel.php:87
[23-Aug-2017 20:36:01 Asia/Tokyo] PHP   5. Illuminate\Foundation\Http\Kernel->bootstrap() /home/ubuntu/workspace/message-board/vendor/laravel/framework/src/Illuminate/Foundation/Http/Kernel.php:117
[23-Aug-2017 20:36:01 Asia/Tokyo] PHP   6. Illuminate\Foundation\Application->bootstrapWith() /home/ubuntu/workspace/message-board/vendor/laravel/framework/src/Illuminate/Foundation/Http/Kernel.php:222
[23-Aug-2017 20:36:01 Asia/Tokyo] PHP   7. Illuminate\Foundation\Bootstrap\BootProviders->bootstrap() /home/ubuntu/workspace/message-board/vendor/laravel/framework/src/Illuminate/Foundation/Application.php:203
[23-Aug-2017 20:36:01 Asia/Tokyo] PHP   8. Illuminate\Foundation\Application->boot() /home/ubuntu/workspace/message-board/vendor/laravel/framework/src/Illuminate/Foundation/Bootstrap/BootProviders.php:17
[23-Aug-2017 20:36:01 Asia/Tokyo] PHP   9. array_walk() /home/ubuntu/workspace/message-board/vendor/laravel/framework/src/Illuminate/Foundation/Application.php:718
[23-Aug-2017 20:36:01 Asia/Tokyo] PHP  10. Illuminate\Foundation\Application->Illuminate\Foundation\{closure}() /home/ubuntu/workspace/message-board/vendor/laravel/framework/src/Illuminate/Foundation/Application.php:718
[23-Aug-2017 20:36:01 Asia/Tokyo] PHP  11. Illuminate\Foundation\Application->bootProvider() /home/ubuntu/workspace/message-board/vendor/laravel/framework/src/Illuminate/Foundation/Application.php:717
[23-Aug-2017 20:36:01 Asia/Tokyo] PHP  12. Illuminate\Container\Container->call() /home/ubuntu/workspace/message-board/vendor/laravel/framework/src/Illuminate/Foundation/Application.php:734
[23-Aug-2017 20:36:01 Asia/Tokyo] PHP  13. call_user_func_array:{/home/ubuntu/workspace/message-board/vendor/laravel/framework/src/Illuminate/Container/Container.php:507}() /home/ubuntu/workspace/message-board/vendor/laravel/framework/src/Illuminate/Container/Container.php:507
[23-Aug-2017 20:36:01 Asia/Tokyo] PHP  14. App\Providers\RouteServiceProvider->boot() /home/ubuntu/workspace/message-board/vendor/laravel/framework/src/Illuminate/Container/Container.php:507
[23-Aug-2017 20:36:01 Asia/Tokyo] PHP  15. Illuminate\Foundation\Support\Providers\RouteServiceProvider->boot() /home/ubuntu/workspace/message-board/app/Providers/RouteServiceProvider.php:29
[23-Aug-2017 20:36:01 Asia/Tokyo] PHP  16. Illuminate\Foundation\Support\Providers\RouteServiceProvider->loadRoutes() /home/ubuntu/workspace/message-board/vendor/laravel/framework/src/Illuminate/Foundation/Support/Providers/RouteServiceProvider.php:31
[23-Aug-2017 20:36:01 Asia/Tokyo] PHP  17. Illuminate\Container\Container->call() /home/ubuntu/workspace/message-board/vendor/laravel/framework/src/Illuminate/Foundation/Support/Providers/RouteServiceProvider.php:72
[23-Aug-2017 20:36:01 Asia/Tokyo] PHP  18. call_user_func_array:{/home/ubuntu/workspace/message-board/vendor/laravel/framework/src/Illuminate/Container/Container.php:507}() /home/ubuntu/workspace/message-board/vendor/laravel/framework/src/Illuminate/Container/Container.php:507
[23-Aug-2017 20:36:01 Asia/Tokyo] PHP  19. App\Providers\RouteServiceProvider->map() /home/ubuntu/workspace/message-board/vendor/laravel/framework/src/Illuminate/Container/Container.php:507
[23-Aug-2017 20:36:01 Asia/Tokyo] PHP  20. Illuminate\Routing\Router->group() /home/ubuntu/workspace/message-board/app/Providers/RouteServiceProvider.php:42
[23-Aug-2017 20:36:01 Asia/Tokyo] PHP  21. call_user_func:{/home/ubuntu/workspace/message-board/vendor/laravel/framework/src/Illuminate/Routing/Router.php:354}() /home/ubuntu/workspace/message-board/vendor/laravel/framework/src/Illuminate/Routing/Router.php:354
[23-Aug-2017 20:36:01 Asia/Tokyo] PHP  22. App\Providers\RouteServiceProvider->App\Providers\{closure}() /home/ubuntu/workspace/message-board/vendor/laravel/framework/src/Illuminate/Routing/Router.php:354
[23-Aug-2017 20:36:01 Asia/Tokyo] PHP  23. require() /home/ubuntu/workspace/message-board/app/Providers/RouteServiceProvider.php:41
